["////","w","X","////"]
["书名","n","N","tên sách"]
["：","w","X",":"]
["娶","v","V","cưới"]
["个","q","M","một"]
["姐姐","n","N","chị gái"]
["当","v","V","làm"]
["老婆","n","N","vợ"]
["作者","n","N","tác giả"]
["：","w","X",":"]
["博得之门","nr","NR","Baldur's Gate"]
["予","v","V","trao"]
["人","n","N","người"]
["玫瑰","n","N","hoa hồng"]
["，","w","X",","]
["手","n","N","tay"]
["留","v","V","lưu"]
["余","a","A","dư"]
["香","n","N","hương"]
["，","w","X",","]
["你","r","PN","bạn"]
["的","u","F","của"]
["红心","n","N","tim đỏ"]
["就","d","D","chính"]
["是","v","V","là"]
["对","p","F","đối với"]
["【","w","X","["]
["TXT","nz","NR","TXT"]
["文学","n","N","văn học"]
["打包","v","V","đóng gói"]
["区","n","N","khu"]
["】","w","X","]"]
["最大","a","A","lớn nhất"]
["的","u","F","của"]
["支持","vn","N","sự ủng hộ"]
["！","w","X","!"]
["排版","vn","N","việc dàn trang"]
["：","w","X",":"]
["TXT","nz","NR","TXT"]
["打包","v","V","đóng gói"]
["区","n","N","khu"]
["管理","vn","N","quản lý"]
["色中色大叔","nr","NR","Sắc Trung Sắc Đại Thúc"]
["色中色","nt","NR","Sắc Trung Sắc"]
["·","w","X","."]
["TXT","nz","NR","TXT"]
["文学","n","N","văn học"]
["打包","v","V","đóng gói"]
["区","n","N","khu"]
["收集","v","V","thu thập"]
["制作","v","V","chế tác"]
["http://www.sexinsex.net/...","nz","NR","[liên kết web]"]
["更多","d","D","càng nhiều"]
["小说","n","N","tiểu thuyết"]
["欢迎","v","V","hoan nghênh"]
["广大","b","A","đông đảo"]
["书友","n","N","bạn đọc"]
["光临","v","V","ghé thăm"]
["阅读","v","V","đọc"]
["，","w","X",","]
["最新","a","A","mới nhất"]
["、","w","X",","]
["最","d","D","nhất"]
["快","a","A","nhanh"]
["、","w","X",","]
["最","d","D","nhất"]
["火","a","A","hot"]
["的","u","F","của"]
["情色","n","N","sắc tình"]
["作品","n","N","tác phẩm"]
["尽","d","D","đều"]
["在","p","F","ở"]
["色中色","nt","NR","Sắc Trung Sắc"]
["·","w","X","."]
["TXT","nz","NR","TXT"]
["文学","n","N","văn học"]
["打包","v","V","đóng gói"]
["区","n","N","khu"]
["！","w","X","!"]
["////","w","X","////"]
["温馨","a","A","ấm áp"]
["提示","vn","N","lời nhắc"]
["：","w","X",":"]
["请","v","V","xin"]
["各位","r","PN","các vị"]
["会员","n","N","thành viên"]
["切勿","d","D","tuyệt đối đừng"]
["胡乱","d","D","bừa bãi"]
["灌水","v","V","spam bài"]
["，","w","X",","]
["本","r","PN","này"]
["区","n","N","khu"]
["已经","d","D","đã"]
["试行","v","V","dùng thử"]
["回复","v","V","trả lời"]
["不","d","D","không"]
["得","v","V","được"]
["金","n","N","vàng"]
["、","w","X",","]
["下载","v","V","tải xuống"]
["不","d","D","không"]
["扣","v","V","trừ"]
["金","n","N","vàng"]
["，","w","X",","]
["请","v","V","xin"]
["点击","v","V","nhấp vào"]
["右上角","s","N","góc trên bên phải"]
["的","u","F","của"]
["红心","n","N","tim đỏ"]
["支持","v","V","ủng hộ"]
["楼主","n","N","chủ thớt"]
["，","w","X",","]
["谢谢","v","V","cảm ơn"]
["！","w","X","!"]
["内容","n","N","nội dung"]
["简介","n","N","tóm tắt"]
["：","w","X",":"]
["这","r","PN","đây"]
["是","v","V","là"]
["一个","m","M","một"]
["从","p","F","từ"]
["棋子","n","N","quân cờ"]
["一步步","d","D","từng bước"]
["变成","v","V","biến thành"]
["棋手","n","N","kỳ thủ"]
["的","u","F","của"]
["故事","n","N","câu chuyện"]
["这","r","PN","đây"]
["是","v","V","là"]
["一个","m","M","một"]
["喜欢","v","V","thích"]
["自己","r","PN","bản thân"]
["姐姐","n","N","chị gái"]
["的","u","F","của"]
["巫师","n","N","phù thủy"]
["的","u","F","của"]
["故事","n","N","câu chuyện"]
["这","r","PN","đây"]
["是","v","V","là"]
["一个","m","M","một"]
["穿越者","n","N","người xuyên không"]
["建立","v","V","thiết lập"]
["后宫","n","N","hậu cung"]
["的","u","F","của"]
["故事","n","N","câu chuyện"]
["这","r","PN","đây"]
["是","v","V","là"]
["一个","m","M","một"]
["凡人","n","N","người phàm"]
["与","c","X","và"]
["神祗","n","N","thần linh"]
["相","d","D","cùng"]
["抗争","v","V","đấu tranh"]
["的","u","F","của"]
["故事","n","N","câu chuyện"]
["这","r","PN","đây"]
["是","v","V","là"]
["一个","m","M","một"]
["耐瑟","nz","NR","Nether"]
["遗民","n","N","di dân"]
["光复","v","V","khôi phục"]
["帝国","n","N","đế quốc"]
["的","u","F","của"]
["故事","n","N","câu chuyện"]
["这","r","PN","đây"]
["是","v","V","là"]
["一个","m","M","một"]
["被","p","F","bị"]
["遗忘","v","V","lãng quên"]
["国度","n","N","quốc độ"]
["的","u","F","của"]
["故事","n","N","câu chuyện"]
["最后","f","F","cuối cùng"]
["，","w","X",","]
["这","r","PN","đây"]
["是","v","V","là"]
["一个","m","M","một"]
["关于","p","F","về"]
["命运","n","N","vận mệnh"]
["、","w","X",","]
["阴谋","n","N","âm mưu"]
["、","w","X",","]
["爱","n","N","tình yêu"]
["和","c","X","và"]
["正义","n","N","chính nghĩa"]
["……","w","X","..."]
["好吧","i","X","được rồi"]
["，","w","X",","]
["是","v","V","là"]
["邪恶","n","N","cái ác"]
["的","u","F","của"]
["故事","n","N","câu chuyện"]
["这","r","PN","đây"]
["是","v","V","là"]
["我","r","PN","tôi"]
["的","u","F","của"]
["梦想","n","N","ước mơ"]
["※※※","w","X","※※※"]
["如果","c","X","nếu"]
["感到","v","V","cảm thấy"]
["幸福","a","A","hạnh phúc"]
["你","r","PN","bạn"]
["就","d","D","thì"]
["拍拍","v","V","vỗ vỗ"]
["爪","n","N","móng vuốt"]
["如果","c","X","nếu"]
["感到","v","V","cảm thấy"]
["幸福","a","A","hạnh phúc"]
["你","r","PN","bạn"]
["就","d","D","thì"]
["摇","v","V","lắc"]
["尾巴","n","N","đuôi"]
["如果","c","X","nếu"]
["感到","v","V","cảm thấy"]
["幸福","a","A","hạnh phúc"]
["你","r","PN","bạn"]
["就","d","D","thì"]
["快","d","D","mau"]
["出发","v","V","xuất phát"]
["我们","r","PN","chúng ta"]
["一起","d","D","cùng nhau"]
["去","v","V","đi"]
["推倒","v","V","đẩy ngã"]
["姐姐","n","N","chị gái"]
["吧","y","I","nhé"]
["——","w","X","——"]
["《","w","X","\""]
["乳熊","n","N","gấu con"]
["之","u","F","của"]
["歌","n","N","bài ca"]
["》","w","X","\""]
["////","w","X","////"]
["基础","n","N","cơ sở"]
["资料","n","N","tư liệu"]
["：","w","X",":"]
["DND","nz","NR","DND"]
["中","f","F","trong"]
["的","u","F","của"]
["阵营","n","N","thiên hướng"]
["概念","n","N","khái niệm"]
["第一","m","M","thứ nhất"]
["，","w","X",","]
["此","r","PN","này"]
["文","n","N","bài văn"]
["转","v","V","trích"]
["自","p","F","từ"]
["龙与地下城","nz","NR","Dungeons & Dragons"]
["（","w","X","("]
["DND","nz","NR","DND"]
["）","w","X",")"]
["玩家","n","N","người chơi"]
["手册","n","N","sổ tay"]
["3.5","m","M","3.5"]
["版","n","N","phiên bản"]
["第二","m","M","thứ hai"]
["，","w","X",","]
["文","n","N","văn"]
["中","f","F","trong"]
["阵营","n","N","thiên hướng"]
["概念","n","N","khái niệm"]
["，","w","X",","]
["仅","d","D","chỉ"]
["可","v","V","có thể"]
["参考","v","V","tham khảo"]
["，","w","X",","]
["不","d","D","không"]
["可","v","V","thể"]
["完全","ad","D","hoàn toàn"]
["当真","v","V","coi là thật"]
["，","w","X",","]
["因为","c","X","bởi vì"]
["这","r","PN","đây"]
["是","v","V","là"]
["一","m","M","một"]
["种","q","M","loại"]
["游戏","n","N","trò chơi"]
["里","f","F","trong"]
["的","u","F","của"]
["划分","vn","N","sự phân chia"]
["，","w","X",","]
["并非","v","V","tuyệt không phải"]
["现实","n","N","thực tế"]
["。","w","X","."]
["就","p","F","theo"]
["我","r","PN","tôi"]
["这些","r","PN","những... này"]
["年","n","N","năm"]
["所","u","F","mà"]
["见","v","V","thấy"]
["，","w","X",","]
["凡是","d","D","phàm là"]
["讨论","v","V","thảo luận"]
["“","w","X","\""]
["某人","r","PN","người nào đó"]
["应该","v","V","nên"]
["属于","v","V","thuộc về"]
["某某","r","PN","nào đó"]
["阵营","n","N","thiên hướng"]
["”","w","X","\""]
["这种","r","PN","loại... này"]
["讨论","vn","N","cuộc thảo luận"]
["，","w","X",","]
["除非","c","X","trừ phi"]
["全","d","D","hoàn toàn"]
["无","v","V","không có"]
["争议","n","N","tranh cãi"]
["，","w","X",","]
["否则","c","X","nếu không"]
["最后","f","F","cuối cùng"]
["一定","d","D","nhất định"]
["会","v","V","sẽ"]
["陷入","v","V","rơi vào"]
["扯不清","l","X","nói không rõ"]
["的","u","F","của"]
["大","a","A","lớn"]
["混战","n","N","cuộc hỗn chiến"]
["中","f","F","trong"]
["。","w","X","."]
["记得","v","V","nhớ"]
["以前","f","F","trước đây"]
["我","r","PN","tôi"]
["和","c","X","và"]
["另外","r","PN","khác"]
["某","r","PN","nào đó"]
["位","q","M","vị"]
["同学","n","N","bạn học"]
["争论","v","V","tranh luận"]
["希特勒","nr","NR","Hitler"]
["到底","d","D","rốt cuộc"]
["属于","v","V","thuộc về"]
["守序","a","A","trật tự"]
["邪恶","a","A","xấu xa"]
["还是","c","X","hay là"]
["中立","a","A","trung lập"]
["邪恶","a","A","xấu xa"]
["，","w","X",","]
["就","d","D","đã"]
["扯皮","v","V","tranh cãi dai dẳng"]
["了","u","F","rồi"]
["一","m","M","một"]
["下午","t","N","buổi chiều"]
["，","w","X",","]
["最后","f","F","cuối cùng"]
["把","p","F","đem"]
["整个","b","A","cả"]
["群","n","N","nhóm"]
["的","u","F","của"]
["人","n","N","người"]
["卷","v","V","cuốn"]
["进来","v","V","vào"]
["，","w","X",","]
["依旧","d","D","vẫn"]
["毫无","v","V","không chút"]
["结果","n","N","kết quả"]
["。","w","X","."]
["原因","n","N","nguyên nhân"]
["很","d","D","rất"]
["简单","a","A","đơn giản"]
["，","w","X",","]
["人","n","N","con người"]
["太","d","D","quá"]
["复杂","a","A","phức tạp"]
["了","y","I","rồi"]
["，","w","X",","]
["不能","v","V","không thể"]
["以","p","F","lấy"]
["简单","a","A","đơn giản"]
["的","u","F","của"]
["阵营","n","N","thiên hướng"]
["来","v","V","để"]
["清楚","a","A","rõ ràng"]
["划分","v","V","phân chia"]
["。","w","X","."]
["当然","d","D","đương nhiên"]
["，","w","X",","]
["游戏","n","N","trò chơi"]
["本","d","D","vốn"]
["就是","v","V","chính là"]
["用来","v","V","dùng để"]
["玩","v","V","chơi"]
["的","u","F","mà"]
["——","w","X","——"]
["所以","c","X","cho nên"]
["我们","r","PN","chúng ta"]
["也","d","D","cũng"]
["不妨","d","D","đừng ngại"]
["谈谈","v","V","bàn luận"]
["、","w","X",","]
["玩玩","v","V","chơi đùa"]
["。","w","X","."]
["※※※","w","X","※※※"]
["阵营","n","N","thiên hướng"]
["生物","n","N","sinh vật"]
["通常","b","A","thông thường"]
["的","u","F","của"]
["道德","n","N","đạo đức"]
["和","c","X","và"]
["处事","v","V","xử thế"]
["态度","n","N","thái độ"]
["是","v","V","là"]
["由","p","F","do"]
["他","r","PN","hắn"]
["的","u","F","của"]
["阵营","n","N","thiên hướng"]
["来","v","V","để"]
["表现","v","V","biểu hiện"]
["的","u","F","mà"]
["：","w","X",":"]
["守序","a","A","trật tự"]
["善良","a","A","thiện lương"]
["，","w","X",","]
["中立","a","A","trung lập"]
["善良","a","A","thiện lương"]
["，","w","X",","]
["混乱","a","A","hỗn loạn"]
["善良","a","A","thiện lương"]
["，","w","X",","]
["守序","a","A","trật tự"]
["中立","a","A","trung lập"]
["，","w","X",","]
["绝对","ad","D","tuyệt đối"]
["中立","a","A","trung lập"]
["，","w","X",","]
["混乱","a","A","hỗn loạn"]
["中立","a","A","trung lập"]
["，","w","X",","]
["守序","a","A","trật tự"]
["邪恶","a","A","xấu xa"]
["，","w","X",","]
["中立","a","A","trung lập"]
["邪恶","a","A","xấu xa"]
["，","w","X",","]
["或","c","X","hoặc"]
["混乱","a","A","hỗn loạn"]
["邪恶","a","A","xấu xa"]
["。","w","X","."]
["阵营","n","N","thiên hướng"]
["是","v","V","là"]
["帮","v","V","giúp"]
["你","r","PN","bạn"]
["完善","v","V","hoàn thiện"]
["你","r","PN","bạn"]
["角色","n","N","nhân vật"]
["性格","n","N","tính cách"]
["的","u","F","của"]
["工具","n","N","công cụ"]
["。","w","X","."]
["它","r","PN","nó"]
["不","d","D","không"]
["是","v","V","là"]
["限制","v","V","hạn chế"]
["你","r","PN","bạn"]
["角色","n","N","nhân vật"]
["的","u","F","của"]
["束缚","n","N","sự trói buộc"]
["。","w","X","."]
["每个","r","PN","mỗi"]
["阵营","n","N","thiên hướng"]
["提供","v","V","cung cấp"]
["了","u","F","rồi"]
["广泛","a","A","rộng rãi"]
["的","u","F","của"]
["性格","n","N","tính cách"]
["和","c","X","và"]
["哲学","n","N","triết học"]
["观","n","N","quan điểm"]
["，","w","X",","]
["两个","m","M","hai"]
["同","b","A","cùng"]
["阵营","n","N","thiên hướng"]
["的","u","F","của"]
["角色","n","N","nhân vật"]
["仍然","d","D","vẫn"]
["可以","v","V","có thể"]
["是","v","V","là"]
["完全","ad","D","hoàn toàn"]
["不同","a","A","khác nhau"]
["的","u","F","đấy"]
["。","w","X","."]
["另外","c","X","ngoài ra"]
["，","w","X",","]
["很少","d","D","rất ít"]
["有人","r","PN","có người"]
["是","v","V","là"]
["完全","ad","D","hoàn toàn"]
["一致","a","A","nhất quán"]
["的","u","F","đấy"]
["。","w","X","."]
["※※※","w","X","※※※"]
["善良","a","A","thiện"]
["与","c","X","và"]
["邪恶","a","A","ác"]
["善良","a","A","thiện"]
["的","u","F","của"]
["角色","n","N","nhân vật"]
["和","c","X","và"]
["生物","n","N","sinh vật"]
["保护","v","V","bảo vệ"]
["美好","a","A","tốt đẹp"]
["的","u","F","của"]
["生命","n","N","sinh mệnh"]
["。","w","X","."]
["邪恶","a","A","ác"]
["的","u","F","của"]
["角色","n","N","nhân vật"]
["和","c","X","和"]
["生物","n","N","sinh vật"]
["则","c","X","thì"]
["毁灭","v","V","hủy diệt"]
["生命","n","N","sinh mệnh"]
["，","w","X",","]
["无论","c","X","bất luận"]
["是","v","V","là"]
["为了","p","F","vì"]
["取乐","v","V","tìm vui"]
["或","c","X","hoặc"]
["利益","n","N","lợi ích"]
["。","w","X","."]
["“","w","X","\""]
["善良","a","A","thiện"]
["”","w","X","\""]
["意味","v","V","có nghĩa là"]
["利他主义","n","N","chủ nghĩa vị tha"]
["，","w","X",","]
["尊重","v","V","tôn trọng"]
["生命","n","N","sinh mệnh"]
["和","c","X","và"]
["关心","v","V","quan tâm"]
["有","v","V","có"]
["灵性","n","N","linh tính"]
["的","u","F","của"]
["生物","n","N","sinh vật"]
["。","w","X","."]
["善良","a","A","thiện"]
["的","u","F","của"]
["角色","n","N","nhân vật"]
["会","v","V","sẽ"]
["为了","p","F","vì"]
["帮助","v","V","giúp đỡ"]
["别人","r","PN","người khác"]
["而","c","X","mà"]
["牺牲","v","V","hy sinh"]
["自己","r","PN","bản thân"]
["。","w","X","."]
["“","w","X","\""]
["邪恶","a","A","ác"]
["”","w","X","\""]
["则","c","X","thì"]
["代表","v","V","đại diện"]
["了","u","F","rồi"]
["伤害","vn","N","sự tổn thương"]
["、","w","X",","]
["压迫","vn","N","sự áp bức"]
["和","c","X","và"]
["杀戮","vn","N","sự giết chóc"]
["。","w","X","."]
["一些","m","M","một số"]
["邪恶","a","A","ác"]
["的","u","F","của"]
["生物","n","N","sinh vật"]
["没有","v","V","không có"]
["同情心","n","N","lòng đồng cảm"]
["，","w","X",","]
["只要","c","X","chỉ cần"]
["有利","a","A","có lợi"]
["就","d","D","thì"]
["毫不犹豫","i","X","không chút do dự"]
["的","u","F","mà"]
["进行","v","V","tiến hành"]
["杀戮","v","V","giết chóc"]
["。","w","X","."]
["另","r","PN","khác"]
["一些","m","M","một số"]
["积极","ad","D","tích cực"]
["追求","v","V","theo đuổi"]
["邪恶","n","N","cái ác"]
["，","w","X",","]
["为了","p","F","vì"]
["邪恶","a","A","ác"]
["的","u","F","của"]
["神袛","n","N","thần linh"]
["或","c","X","hoặc"]
["主宰","n","N","chúa tể"]
["的","u","F","của"]
["支持","vn","N","sự ủng hộ"]
["而","c","X","mà"]
["杀戮","v","V","giết chóc"]
["。","w","X","."]
