["中立","a","A","trung lập"]
["的","u","F","(trợ từ kết cấu)"]
["人们","n","N","những người"]
["尊敬","v","V","tôn trọng"]
["善良","a","A","thiện"]
["和","c","X","và"]
["邪恶","a","A","ác"]
["，","w","X",","]
["伤害","v","V","làm hại"]
["无辜","n","N","người vô tội"]
["会","v","V","sẽ"]
["使","v","V","khiến"]
["他们","r","PN","họ"]
["感到","v","V","cảm thấy"]
["后悔","a","A","hối hận"]
["，","w","X",","]
["但","c","X","nhưng"]
["也","d","D","cũng"]
["缺乏","v","V","thiếu"]
["帮助","v","V","giúp đỡ"]
["别人","r","PN","người khác"]
["的","u","F","của"]
["牺牲","vn","N","hy sinh"]
["精神","n","N","tinh thần"]
["。","w","X","."]
["中立","a","A","trung lập"]
["的","u","F","(trợ từ kết cấu)"]
["人","n","N","người"]
["只","d","D","chỉ"]
["会","v","V","sẽ"]
["根据","p","F","dựa vào"]
["个人","n","N","cá nhân"]
["关系","n","N","mối quan hệ"]
["去","v","V","để"]
["帮助","v","V","giúp"]
["别人","r","PN","người khác"]
["。","w","X","."]
["成为","v","V","trở thành"]
["善良","a","A","thiện"]
["或","c","X","hoặc"]
["邪恶","a","A","ác"]
["可以","v","V","có thể"]
["是","v","V","là"]
["自愿","a","A","tự nguyện"]
["的","u","F","(trợ từ kết cấu)"]
["选择","vn","N","sự lựa chọn"]
["。","w","X","."]
["但是","c","X","nhưng"]
["对","p","F","đối với"]
["大部分","m","M","phần lớn"]
["人","n","N","người"]
["来说","u","F","mà nói"]
["，","w","X",","]
["善良","a","A","thiện"]
["或","c","X","hoặc"]
["邪恶","a","A","ác"]
["是","v","V","là"]
["一","m","M","một"]
["个","q","M","(lượng từ)"]
["人","n","N","người"]
["认同","v","V","tán đồng"]
["的","u","F","(trợ từ kết cấu)"]
["态度","n","N","thái độ"]
["而","c","X","mà"]
["不是","c","X","không phải là"]
["选择","vn","N","lựa chọn"]
["的","u","F","của"]
["结果","n","N","kết quả"]
["。","w","X","."]
["在","p","F","ở"]
["善良","a","A","thiện"]
["和","c","X","và"]
["邪恶","a","A","ác"]
["间","f","F","giữa"]
["选择","v","V","chọn"]
["中立","a","A","trung lập"]
["通常","d","D","thông thường"]
["表现","v","V","thể hiện"]
["出","v","V","ra"]
["对","p","F","đối với"]
["善恶","n","N","thiện ác"]
["两","m","M","cả hai"]
["方","n","N","phía"]
["都","d","D","đều"]
["缺乏","v","V","thiếu"]
["认同","v","V","sự tán đồng"]
["，","w","X",","]
["但","c","X","nhưng"]
["有些","r","PN","một số"]
["则","c","X","thì"]
["代表","v","V","đại diện"]
["对","p","F","cho"]
["平衡","n","N","cân bằng"]
["观念","n","N","quan niệm"]
["的","u","F","(trợ từ kết cấu)"]
["主动","a","A","chủ động"]
["态度","n","N","thái độ"]
["。","w","X","."]
["当","p","F","khi"]
["认识","v","V","nhận thức"]
["到","v","V","được"]
["善良","a","A","thiện"]
["和","c","X","và"]
["邪恶","a","A","ác"]
["不过","d","D","chẳng qua"]
["是","v","V","là"]
["客观","a","A","khách quan"]
["的","u","F","(trợ từ kết cấu)"]
["状态","n","N","trạng thái"]
["，","w","X",","]
["而","c","X","mà"]
["不","d","D","không"]
["只是","d","D","chỉ là"]
["看法","n","N","cách nhìn"]
["时","f","F","khi"]
["，","w","X",","]
["这些","r","PN","những... này"]
["人","n","N","người"]
["试图","v","V","cố gắng"]
["为","p","F","vì"]
["人们","n","N","mọi người"]
["保持","v","V","duy trì"]
["善恶","n","N","thiện ác"]
["的","u","F","(trợ từ kết cấu)"]
["平衡","n","N","sự cân bằng"]
["，","w","X",","]
["或者","c","X","hoặc"]
["至少","d","D","ít nhất"]
["是","v","V","là"]
["为了","p","F","vì"]
["他们","r","PN","họ"]
["自己","r","PN","bản thân"]
["这么","r","PN","như vậy"]
["做","v","V","làm"]
["。","w","X","."]
["动物","n","N","động vật"]
["和","c","X","và"]
["其他","r","PN","khác"]
["没有","v","V","không có"]
["道德","n","N","đạo đức"]
["观念","n","N","quan niệm"]
["的","u","F","(trợ từ kết cấu)"]
["生物","n","N","sinh vật"]
["都","d","D","đều"]
["是","v","V","là"]
["中立","a","A","trung lập"]
["，","w","X",","]
["而","c","X","mà"]
["不是","c","X","không phải là"]
["善良","a","A","thiện"]
["或","c","X","hoặc"]
["邪恶","a","A","ác"]
["。","w","X","."]
["甚至","d","D","thậm chí"]
["致命","a","A","chí mạng"]
["的","u","F","(trợ từ kết cấu)"]
["毒蛇","n","N","rắn độc"]
["和","c","X","và"]
["食人虎","n","N","hổ ăn thịt người"]
["都","d","D","đều"]
["是","v","V","là"]
["中立","a","A","trung lập"]
["的","u","F","(trợ từ ngữ khí)"]
["，","w","X",","]
["因为","c","X","bởi vì"]
["它们","r","PN","chúng"]
["都","d","D","đều"]
["没有","v","V","không có"]
["判断","v","V","phán đoán"]
["善良","a","A","thiện"]
["或","c","X","hoặc"]
["邪恶","a","A","ác"]
["的","u","F","(trợ từ kết cấu)"]
["道德","n","N","đạo đức"]
["能力","n","N","năng lực"]
["。","w","X","."]
["※※※","w","X","***"]
["守序","n","N","trật tự"]
["与","c","X","và"]
["混乱","n","N","hỗn loạn"]
["守序","a","A","tuân thủ trật tự"]
["的","u","F","(trợ từ kết cấu)"]
["角色","n","N","nhân vật"]
["诚实","a","A","trung thực"]
["，","w","X",","]
["守信","a","A","giữ chữ tín"]
["，","w","X",","]
["尊重","v","V","tôn trọng"]
["权威","n","N","quyền uy"]
["，","w","X",","]
["崇尚","v","V","coi trọng"]
["传统","n","N","truyền thống"]
["，","w","X",","]
["而且","c","X","hơn nữa"]
["轻视","v","V","coi thường"]
["那些","r","PN","những... kia"]
["不","d","D","không"]
["负责任","a","A","có trách nhiệm"]
["的","u","F","(trợ từ kết cấu)"]
["人","n","N","người"]
["。","w","X","."]
["混乱","a","A","hỗn loạn"]
["的","u","F","(trợ từ kết cấu)"]
["角色","n","N","nhân vật"]
["顺应","v","V","thuận theo"]
["自己","r","PN","bản thân"]
["的","u","F","của"]
["本性","n","N","bản tính"]
["，","w","X",","]
["厌恶","v","V","chán ghét"]
["指使","v","V","sự sai khiến"]
["，","w","X",","]
["喜欢","v","V","thích"]
["创新","v","V","đổi mới"]
["而","c","X","mà"]
["不是","c","X","không phải là"]
["传统","n","N","truyền thống"]
["，","w","X",","]
["因","p","F","do"]
["好恶","n","N","sự yêu ghét"]
["来","u","F","để"]
["决定","v","V","quyết định"]
["是否","d","D","liệu có"]
["遵守","v","V","tuân thủ"]
["誓言","n","N","lời thề"]
["。","w","X","."]
["“","w","X","\""]
["守序","n","N","trật tự"]
["”","w","X","\""]
["意味","v","V","có nghĩa là"]
["荣誉","n","N","danh dự"]
["，","w","X",","]
["信赖","vn","N","sự tin cậy"]
["，","w","X",","]
["服从","v","V","phục tùng"]
["于","p","F","đối với"]
["权威","n","N","quyền uy"]
["和","c","X","và"]
["可靠","a","A","đáng tin cậy"]
["。","w","X","."]
["反过来说","l","X","ngược lại mà nói"]
["，","w","X",","]
["守序","n","N","trật tự"]
["包括","v","V","bao gồm"]
["封闭","a","A","khép kín"]
["，","w","X",","]
["墨守成规","i","X","bảo thủ"]
["，","w","X",","]
["好","v","V","hay"]
["评判","v","V","phán xét"]
["而","c","X","mà"]
["缺乏","v","V","thiếu"]
["适应性","n","N","khả năng thích ứng"]
["。","w","X","."]
["那些","r","PN","những... kia"]
["选择","v","V","chọn"]
["守序","n","N","trật tự"]
["的","u","F","(trợ từ kết cấu)"]
["人","n","N","người"]
["认为","v","V","cho rằng"]
["，","w","X",","]
["只有","c","X","chỉ có"]
["守序","a","A","tuân thủ trật tự"]
["的","u","F","(trợ từ kết cấu)"]
["行为","n","N","hành vi"]
["才能","v","V","mới có thể"]
["创造","v","V","tạo ra"]
["一","m","M","một"]
["个","q","M","(lượng từ)"]
["人们","n","N","mọi người"]
["可以","v","V","có thể"]
["彼此","r","PN","lẫn nhau"]
["依赖","v","V","dựa dẫm"]
["的","u","F","(trợ từ kết cấu)"]
["社会","n","N","xã hội"]
["，","w","X",","]
["才能","v","V","mới có thể"]
["互相","d","D","tương hỗ"]
["信任","v","V","tin tưởng"]
["合作","v","V","hợp tác"]
["。","w","X","."]
["“","w","X","\""]
["混乱","n","N","hỗn loạn"]
["”","w","X","\""]
["就是","v","V","chính là"]
["自由","a","A","tự do"]
["，","w","X",","]
["适应性","n","N","khả năng thích ứng"]
["和","c","X","và"]
["灵活性","n","N","tính linh hoạt"]
["。","w","X","."]
["反之","c","X","ngược lại"]
["混乱","n","N","hỗn loạn"]
["则","c","X","thì"]
["包括","v","V","bao gồm"]
["鲁莽","a","A","lỗ mãng"]
["，","w","X",","]
["憎恨","v","V","căm ghét"]
["传统","n","N","truyền thống"]
["权威","n","N","quyền uy"]
["，","w","X",","]
["独断专行","i","X","độc đoán chuyên quyền"]
["和","c","X","và"]
["不","d","D","không"]
["负责任","a","A","có trách nhiệm"]
["。","w","X","."]
["那些","r","PN","những... kia"]
["推崇","v","V","tôn sùng"]
["混乱","a","A","hỗn loạn"]
["行为","n","N","hành vi"]
["的","u","F","(trợ từ kết cấu)"]
["人","n","N","người"]
["认为","v","V","cho rằng"]
["，","w","X",","]
["只有","c","X","chỉ có"]
["完全","a","A","hoàn toàn"]
["的","u","F","(trợ từ kết cấu)"]
["个人","n","N","cá nhân"]
["自由","n","N","tự do"]
["能","v","V","mới có thể"]
["让","v","V","để"]
["人们","n","N","mọi người"]
["充分","ad","D","thỏa thích"]
["地","u","F","mà"]
["表达","v","V","thể hiện"]
["自己","r","PN","bản thân"]
["，","w","X",","]
["使","v","V","khiến"]
["社会","n","N","xã hội"]
["从","p","F","từ"]
["个人","n","N","cá nhân"]
["行为","n","N","hành vi"]
["中","f","F","trong"]
["获益","v","V","hưởng lợi"]
["。","w","X","."]
["有些","r","PN","một số"]
["中立","a","A","trung lập"]
["的","u","F","(trợ từ kết cấu)"]
["人","n","N","người"]
["尊重","v","V","tôn trọng"]
["秩序","n","N","trật tự"]
["和","c","X","và"]
["混乱","n","N","hỗn loạn"]
["，","w","X",","]
["一般","a","A","thông thường"]
["的","u","F","(trợ từ kết cấu)"]
["态度","n","N","thái độ"]
["尊重","v","V","tôn trọng"]
["权威","n","N","quyền uy"]
["，","w","X",","]
["不","d","D","không"]
["会","v","V","sẽ"]
["强迫","v","V","ép buộc"]
["自己","r","PN","bản thân"]
["去","v","V","để"]
["遵守","v","V","tuân thủ"]
["或","c","X","hoặc"]
["反抗","v","V","phản kháng"]
["。","w","X","."]
["她","r","PN","cô ấy"]
["诚实","a","A","trung thực"]
["但","c","X","nhưng"]
["也","d","D","cũng"]
["会","v","V","sẽ"]
["被","p","F","bị"]
["诱惑","v","V","cám dỗ"]
["而","c","X","mà"]
["说谎","v","V","nói dối"]
["。","w","X","."]
["选择","v","V","chọn"]
["守序","n","N","trật tự"]
["或","c","X","hoặc"]
["混乱","n","N","hỗn loạn"]
["可能","v","V","có thể"]
["是","v","V","là"]
["自主","a","A","tự chủ"]
["的","u","F","(trợ từ kết cấu)"]
["决定","n","N","quyết định"]
["，","w","X",","]
["但","c","X","nhưng"]
["通常","d","D","thông thường"]
["则","c","X","thì"]
["是","v","V","là"]
["人格","n","N","nhân cách"]
["的","u","F","của"]
["体现","vn","N","sự thể hiện"]
["而","c","X","mà"]
["不是","c","X","không phải là"]
["选择","vn","N","lựa chọn"]
["的","u","F","của"]
["结果","n","N","kết quả"]
["。","w","X","."]
["守序","n","N","trật tự"]
["与","c","X","và"]
["混乱","n","N","hỗn loạn"]
["之间","f","F","ở giữa"]
["的","u","F","(trợ từ kết cấu)"]
["中立","n","N","sự trung lập"]
["通常","d","D","thông thường"]
["只是","d","D","chỉ là"]
["中间","f","F","ở giữa"]
["路线","n","N","đường lối"]
["，","w","X",","]
["不","d","D","không"]
["会","v","V","sẽ"]
["倾向","v","V","thiên về"]
["任何","r","PN","bất kỳ"]
["一","m","M","một"]
["边","n","N","bên"]
["。","w","X","."]
["但是","c","X","nhưng"]
["有","v","V","có"]
["少数","m","M","thiểu số"]
["一些","m","M","một vài"]
["中立者","n","N","người trung lập"]
["认为","v","V","cho rằng"]
["中立","n","N","sự trung lập"]
["要","v","V","thì"]
["好","a","A","tốt"]
["于","p","F","hơn"]
["守序","n","N","trật tự"]
["或","c","X","hoặc"]
["混乱","n","N","hỗn loạn"]
["，","w","X",","]
["他们","r","PN","họ"]
["认为","v","V","cho rằng"]
["这","r","PN","này"]
["两","m","M","hai"]
["个","q","M","cái"]
["极端","n","N","cực đoan"]
["都","d","D","đều"]
["有","v","V","có"]
["本身","r","PN","bản thân"]
["的","u","F","của"]
["盲点","n","N","điểm mù"]
["和","c","X","và"]
["缺点","n","N","khuyết điểm"]
["。","w","X","."]
["动物","n","N","động vật"]
["和","c","X","và"]
["其他","r","PN","khác"]
["没有","v","V","không có"]
["道德","n","N","đạo đức"]
["观念","n","N","quan niệm"]
["的","u","F","(trợ từ kết cấu)"]
["生物","n","N","sinh vật"]
["都","d","D","đều"]
["是","v","V","là"]
["中立","a","A","trung lập"]
["。","w","X","."]
["狗","n","N","chó"]
["会","v","V","biết"]
["服从","v","V","phục tùng"]
["而","c","X","còn"]
["猫","n","N","mèo"]
["任性","a","A","tùy hứng"]
["，","w","X",","]
["但","c","X","nhưng"]
["他们","r","PN","chúng"]
["都","d","D","đều"]
["没有","v","V","không có"]
["判断","v","V","phán đoán"]
["守序","n","N","trật tự"]
["或","c","X","hoặc"]
["混乱","n","N","hỗn loạn"]
["的","u","F","(trợ từ kết cấu)"]
["道德","n","N","đạo đức"]
["能力","n","N","năng lực"]
["。","w","X","."]
["※※※","w","X","***"]
["九","m","M","chín"]
["大","a","A","lớn"]
["阵营","n","N","phe phái"]
["九","m","M","chín"]
["个","q","M","(lượng từ)"]
["独特","a","A","độc đáo"]
["的","u","F","(trợ từ kết cấu)"]
["阵营","n","N","phe phái"]
["说明","v","V","giải thích"]
["了","u","F","(trợ từ động thái)"]
["守序","n","N","trật tự"]
["到","v","V","đến"]
["混乱","n","N","hỗn loạn"]
["，","w","X",","]
["善良","a","A","thiện"]
["到","v","V","đến"]
["邪恶","a","A","ác"]
["的","u","F","của"]
["所有","b","A","tất cả"]
["可能","n","N","khả năng"]
["。","w","X","."]
["在","p","F","ở"]
["下面","f","F","dưới đây"]
["介绍","v","V","giới thiệu"]
["每","r","PN","mỗi"]
["个","q","M","(lượng từ)"]
["阵营","n","N","phe phái"]
["的","u","F","của"]
["典型","a","A","điển hình"]
["角色","n","N","nhân vật"]
["。","w","X","."]
["记住","v","V","ghi nhớ"]
["个人","n","N","cá nhân"]
["与","c","X","và"]
["标准","n","N","tiêu chuẩn"]
["之间","f","F","ở giữa"]
["的","u","F","(trợ từ kết cấu)"]
["区别","n","N","sự khác biệt"]
["，","w","X",","]
["而且","c","X","hơn nữa"]
["每","r","PN","mỗi"]
["个","q","M","(lượng từ)"]
["角色","n","N","nhân vật"]
["每日","t","N","mỗi ngày"]
["所","u","F","(trợ từ kết cấu)"]
["为","v","V","làm"]
["也","d","D","cũng"]
["都","d","D","đều"]
["有","v","V","có"]
["可能","n","N","khả năng"]
["符合","v","V","phù hợp"]
["或","c","X","hoặc"]
["不","d","D","không"]
["那么","r","PN","như thế"]
["符合","v","V","phù hợp"]
["他","r","PN","anh ấy"]
["的","u","F","của"]
["阵营","n","N","phe phái"]
["。","w","X","."]
["请","v","V","hãy"]
["把","p","F","đem"]
["下面","f","F","dưới đây"]
["的","u","F","(trợ từ kết cấu)"]
["描述","n","N","mô tả"]
["当作","v","V","xem như"]
["建议","n","N","gợi ý"]
["而","c","X","mà"]
["非","v","V","không phải"]
["剧本","n","N","kịch bản"]
["。","w","X","."]
["较","d","D","khá"]
["前","f","F","trước"]
["的","u","F","(trợ từ kết cấu)"]
["六","m","M","sáu"]
["个","q","M","cái"]
["阵营","n","N","phe phái"]
["，","w","X",","]
["从","p","F","từ"]
["守序","a","A","tuân thủ trật tự"]
["善良","a","A","thiện"]
["到","v","V","đến"]
["混乱","a","A","hỗn loạn"]
["中立","a","A","trung lập"]
["，","w","X",","]
["是","v","V","là"]
["玩家","n","N","người chơi"]
["的","u","F","của"]
["典型","a","A","điển hình"]
["选择","vn","N","sự lựa chọn"]
["。","w","X","."]
["三","m","M","ba"]
["个","q","M","cái"]
["邪恶","a","A","ác"]
["阵营","n","N","phe phái"]
["则","c","X","thì"]
["是","v","V","là"]
["怪物","n","N","quái vật"]
["和","c","X","và"]
["恶棍","n","N","kẻ ác"]
["的","u","F","của"]
["选择","vn","N","sự lựa chọn"]
["。","w","X","."]
["※※※","w","X","***"]
["守序","a","A","tuân thủ trật tự"]
["善良","a","A","thiện"]
["，","w","X",","]
["“","w","X","\""]
["十字军","n","N","thập tự quân"]
["”","w","X","\""]
["：","w","X",":"]
["守序","a","A","tuân thủ trật tự"]
["善良","a","A","thiện"]
["的","u","F","(trợ từ kết cấu)"]
["角色","n","N","nhân vật"]
["就","d","D","chính"]
["像","v","V","giống như"]
["一","m","M","một"]
["个","q","M","(lượng từ)"]
["好人","n","N","người tốt"]
["应该","v","V","nên"]
["或","c","X","hoặc"]
["必须","d","D","phải"]
["的","u","F","(trợ từ kết cấu)"]
["方式","n","N","cách thức"]
["行事","v","V","hành xử"]
["。","w","X","."]
["她","r","PN","cô ấy"]
["结合","v","V","kết hợp"]
["了","u","F","(trợ từ động thái)"]
["对抗","v","V","chống lại"]
["邪恶","n","N","cái ác"]
["的","u","F","của"]
["信念","n","N","niềm tin"]
["和","c","X","và"]
["严酷","a","A","khắc nghiệt"]
["的","u","F","(trợ từ kết cấu)"]
["战斗","vn","N","chiến đấu"]
["训练","vn","N","huấn luyện"]
["。","w","X","."]
["她","r","PN","cô ấy"]
["诚实","a","A","trung thực"]
["守信","a","A","giữ chữ tín"]
["，","w","X",","]
["帮助","v","V","giúp đỡ"]
["需要","v","V","cần"]
["的","u","F","(trợ từ kết cấu)"]
["人","n","N","người"]
["，","w","X",","]
["指出","v","V","chỉ ra"]
["不公","a","A","bất công"]
["之","u","F","của"]
["事","n","N","việc"]
["。","w","X","."]
["一","m","M","một"]
["个","q","M","(lượng từ)"]
["守序","a","A","tuân thủ trật tự"]
["善良","a","A","thiện"]
["的","u","F","(trợ từ kết cấu)"]
["角色","n","N","nhân vật"]
["不愿","v","V","không muốn"]
["看到","v","V","nhìn thấy"]
["不","d","D","không"]
["受","v","V","chịu"]
["惩罚","vn","N","trừng phạt"]
["的","u","F","(trợ từ kết cấu)"]
["罪行","n","N","tội ác"]
["。","w","X","."]
